2016-08-25 09:29:46,701 openid_connect_authenticator INFO Run server started
2016-08-25 09:29:53,928 openid_connect_authenticator INFO Run server started
2016-08-25 09:29:54,145 openid_connect_authenticator INFO Run server started
2016-08-25 15:02:37,435 openid_connect_authenticator INFO Run server started
2016-08-25 15:02:37,751 openid_connect_authenticator INFO Run server started
2016-08-25 15:05:14,742 openid_connect_authenticator INFO Run server started
2016-08-25 15:05:18,331 openid_connect_authenticator INFO Run server started
2016-08-25 15:05:18,647 openid_connect_authenticator INFO Run server started
2016-08-25 15:07:22,313 openid_connect_authenticator INFO Run server started
<<<<<<< .mine
2016-08-25 15:08:20,279 openid_connect_authenticator INFO Run server started
2016-08-25 15:10:54,058 openid_connect_authenticator INFO Run server started
2016-08-25 15:10:54,377 openid_connect_authenticator INFO Run server started
2016-08-25 15:11:07,877 openid_connect_authenticator INFO Run server started
2016-08-25 15:11:42,620 openid_connect_authenticator INFO Run server started
2016-08-25 15:11:53,099 openid_connect_authenticator INFO Run server started
2016-08-25 15:11:55,927 openid_connect_authenticator INFO Run server started
2016-08-25 15:11:56,249 openid_connect_authenticator INFO Run server started
2016-08-25 15:12:07,738 openid_connect_authenticator INFO Run server started
2016-08-25 15:12:41,482 openid_connect_authenticator INFO Run server started
2016-08-25 15:12:45,170 openid_connect_authenticator INFO Run server started
2016-08-25 15:12:45,488 openid_connect_authenticator INFO Run server started
2016-08-25 15:12:58,986 openid_connect_authenticator INFO Run server started
2016-08-25 15:13:14,532 openid_connect_authenticator INFO Run server started
2016-08-25 15:16:33,976 openid_connect_authenticator INFO Run server started
2016-08-25 15:16:51,530 openid_connect_authenticator INFO Run server started
2016-08-25 15:16:54,424 openid_connect_authenticator INFO Run server started
2016-08-25 15:16:54,744 openid_connect_authenticator INFO Run server started
2016-08-25 15:17:11,378 openid_connect_authenticator INFO Run server started
2016-08-25 15:17:46,580 openid_connect_authenticator INFO Run server started
2016-08-25 15:17:46,898 openid_connect_authenticator INFO Run server started
2016-08-25 15:18:07,989 openid_connect_authenticator INFO Run server started
2016-08-25 15:19:01,982 openid_connect_authenticator INFO Run server started
2016-08-25 15:19:02,299 openid_connect_authenticator INFO Run server started
2016-08-25 15:19:31,989 openid_connect_authenticator INFO Run server started
2016-08-25 15:21:07,376 openid_connect_authenticator INFO Run server started
2016-08-25 15:22:48,793 openid_connect_authenticator INFO Run server started
2016-08-25 15:22:59,287 openid_connect_authenticator INFO Run server started
2016-08-25 15:23:50,200 openid_connect_authenticator INFO Run server started
2016-08-25 15:23:57,648 openid_connect_authenticator INFO Run server started
2016-08-25 15:24:04,084 openid_connect_authenticator INFO Run server started
2016-08-25 15:24:18,603 openid_connect_authenticator INFO Run server started
2016-08-25 15:24:43,566 openid_connect_authenticator INFO Run server started
2016-08-25 15:24:43,880 openid_connect_authenticator INFO Run server started
2016-08-25 15:27:29,955 openid_connect_authenticator INFO Run server started
2016-08-25 15:29:02,292 openid_connect_authenticator INFO Run server started
2016-08-25 15:29:34,996 openid_connect_authenticator INFO Run server started
2016-08-25 15:29:41,434 openid_connect_authenticator INFO Run server started
2016-08-25 15:37:01,204 openid_connect_authenticator INFO Run server started
2016-08-25 15:37:31,898 openid_connect_authenticator INFO Run server started
2016-08-25 15:39:22,232 openid_connect_authenticator INFO Run server started
2016-08-25 15:40:10,109 openid_connect_authenticator INFO Run server started
2016-08-25 15:40:36,752 openid_connect_authenticator INFO Run server started
2016-08-25 15:40:41,171 openid_connect_authenticator INFO Run server started
2016-08-25 15:40:45,600 openid_connect_authenticator INFO Run server started
2016-08-25 15:43:07,044 openid_connect_authenticator INFO Run server started
2016-08-25 15:43:30,684 openid_connect_authenticator INFO Run server started
2016-08-25 15:45:49,515 openid_connect_authenticator INFO Run server started
2016-08-25 15:46:51,560 openid_connect_authenticator INFO Run server started
2016-08-25 15:46:54,951 openid_connect_authenticator INFO Run server started
2016-08-25 15:49:41,721 openid_connect_authenticator INFO Run server started
2016-08-25 15:49:42,035 openid_connect_authenticator INFO Run server started
2016-08-25 15:50:27,757 openid_connect_authenticator INFO Run server started
2016-08-25 15:50:42,266 openid_connect_authenticator INFO Run server started
2016-08-25 15:56:48,760 openid_connect_authenticator INFO Run server started
2016-08-25 15:56:49,075 openid_connect_authenticator INFO Run server started
2016-08-25 15:58:05,237 openid_connect_authenticator INFO Run server started
2016-08-25 15:59:02,208 openid_connect_authenticator INFO Run server started
2016-08-25 15:59:08,631 openid_connect_authenticator INFO Run server started
2016-08-25 16:00:12,002 openid_connect_authenticator INFO Run server started
2016-08-25 16:00:43,807 openid_connect_authenticator INFO Run server started
2016-08-25 16:00:49,231 openid_connect_authenticator INFO Run server started
2016-08-25 16:03:56,345 openid_connect_authenticator INFO Run server started
2016-08-25 16:03:56,661 openid_connect_authenticator INFO Run server started
2016-08-25 16:04:21,286 openid_connect_authenticator INFO Run server started
2016-08-25 16:07:55,895 openid_connect_authenticator INFO Run server started
2016-08-25 16:08:44,018 openid_connect_authenticator INFO Run server started
2016-08-25 16:09:00,580 openid_connect_authenticator INFO Run server started
2016-08-25 16:09:22,387 openid_connect_authenticator INFO Run server started
2016-08-25 16:09:42,972 openid_connect_authenticator INFO Run server started
2016-08-25 16:14:43,489 openid_connect_authenticator INFO Run server started
2016-08-25 16:15:01,050 openid_connect_authenticator INFO Run server started
2016-08-25 16:15:09,506 openid_connect_authenticator INFO Run server started
2016-08-25 16:16:15,577 openid_connect_authenticator INFO Run server started
2016-08-25 16:20:23,541 openid_connect_authenticator INFO Run server started
2016-08-25 16:27:24,323 openid_connect_authenticator INFO Run server started
2016-08-25 16:27:54,006 openid_connect_authenticator INFO Run server started
2016-08-25 16:28:01,444 openid_connect_authenticator INFO Run server started
2016-08-25 16:28:24,043 openid_connect_authenticator INFO Run server started
2016-08-25 16:28:35,523 openid_connect_authenticator INFO Run server started
2016-08-25 16:28:44,980 openid_connect_authenticator INFO Run server started
2016-08-25 16:28:54,443 openid_connect_authenticator INFO Run server started
2016-08-25 16:29:45,357 openid_connect_authenticator INFO Run server started
2016-08-25 16:36:57,404 openid_connect_authenticator INFO Run server started
2016-08-25 16:36:57,722 openid_connect_authenticator INFO Run server started
2016-08-25 16:40:15,177 openid_connect_authenticator INFO Run server started
2016-08-25 16:41:25,292 openid_connect_authenticator INFO Run server started
2016-08-25 16:41:45,017 openid_connect_authenticator INFO Run server started
2016-08-25 16:41:45,334 openid_connect_authenticator INFO Run server started
2016-08-25 17:10:05,754 openid_connect_authenticator INFO Run server started
2016-08-25 17:10:06,073 openid_connect_authenticator INFO Run server started
2016-08-25 17:14:33,698 openid_connect_authenticator INFO Run server started
2016-08-25 17:14:34,017 openid_connect_authenticator INFO Run server started
2016-08-25 17:16:15,172 openid_connect_authenticator INFO Run server started
=======
2016-08-25 16:29:27,922 openid_connect_authenticator INFO Run server started
2016-08-25 16:29:28,259 openid_connect_authenticator INFO Run server started




























































































>>>>>>> .theirs
2016-08-26 12:02:23,874 openid_connect_authenticator INFO Run server started
2016-08-26 12:02:24,068 openid_connect_authenticator INFO Run server started
2016-08-26 12:12:58,562 openid_connect_authenticator INFO Run server started
2016-08-26 12:13:20,979 openid_connect_authenticator INFO Run server started
2016-08-26 12:14:02,516 openid_connect_authenticator INFO Run server started
2016-08-26 12:15:36,380 openid_connect_authenticator INFO Run server started
2016-08-26 12:15:36,573 openid_connect_authenticator INFO Run server started
2016-08-26 12:17:52,794 openid_connect_authenticator INFO Run server started
2016-08-26 12:19:30,727 openid_connect_authenticator INFO Run server started
2016-08-26 12:19:55,705 openid_connect_authenticator INFO Run server started
2016-08-26 12:19:55,895 openid_connect_authenticator INFO Run server started
2016-08-26 12:20:22,324 openid_connect_authenticator INFO Run server started
2016-08-26 12:20:28,624 openid_connect_authenticator INFO Run server started
2016-08-26 12:20:48,936 openid_connect_authenticator INFO Run server started
2016-08-26 12:20:49,128 openid_connect_authenticator INFO Run server started
2016-08-26 12:21:24,494 openid_connect_authenticator INFO Run server started
2016-08-26 12:21:24,685 openid_connect_authenticator INFO Run server started
2016-08-26 12:22:18,328 openid_connect_authenticator INFO Run server started
2016-08-26 12:23:08,905 openid_connect_authenticator INFO Run server started
2016-08-26 12:23:13,173 openid_connect_authenticator INFO Run server started
2016-08-26 12:25:55,512 openid_connect_authenticator INFO Run server started
2016-08-26 12:39:07,012 openid_connect_authenticator INFO Run server started
2016-08-26 12:39:27,426 openid_connect_authenticator INFO Run server started
2016-08-26 13:28:37,369 openid_connect_authenticator INFO Run server started
2016-08-26 13:28:37,590 openid_connect_authenticator INFO Run server started
2016-08-26 13:30:28,663 openid_connect_authenticator INFO Run server started
2016-08-26 13:30:50,122 openid_connect_authenticator INFO Run server started
2016-08-26 13:30:53,416 openid_connect_authenticator INFO Run server started
2016-08-26 13:33:21,765 openid_connect_authenticator INFO Run server started
2016-08-26 13:34:04,398 openid_connect_authenticator INFO Run server started
